1039065205
870318652
2394797221
1955710122
1511587392
2311848219
931709576
1547684328
1102291050
749312774
2071045787
1355911708
897379108
1002162566
458680942
1273508582
2165335518
1635729493
349382680
548108311
832458815
1336368891
1336368891
0
573199116
2397460489
1678367606
1096111140
2223725955
1320434566
881043895
1064956266
0
1561616976
2101783214
1916719891
262044274
1545630447
1019738726
873844959
2065598018
2638797134
573199116
580973775
1037041657
1668691713
873844959
2065598018
1615674123
1613898481
2339603765
1847855747
253371048
515415322
1585811473
1393463774
628934620
949062059
1965203813
453187843
1107491428
1447044075
1019738726
145893767
0
873844959
954502421
1258557573
341799006
1805554535
1688971446
1681115900
1039065205
1312932058
362447792
109076744
253371048
1064956266
1318327314
109076744
1508813424
1427610808
1466009428
496660710
1846545175
1563871721
849440187
1644516895
2547443318
2546023121
1785419902
2311848219
1380138643
