2586607247
2586607247
1355409968
1355409968
2022872355
2984785930
961913575
1434908537
1439318129
2325415749
3103048558
1605238346
938897813
938897813
0
1953704770
1953704770
0
1082830359
2560351691
1199926838
2290242931
3028694646
1434908537
1355409968
2513738906
2513738906
1366304593
1699618481
2978345764
430873110
1434908537
0
1447075741
639063323
2909348158
562908025
1254998440
2361565375
2076376975
891554049
1304855153
792501943
0
1447075741
1795347764
3462637713
2288865570
664389239
2463010220
