1800985424
1800985424
1080519277
2620920124
1158189066
1679596327
569895529
2240322555
2613121157
3033629713
1540628668
1241256602
2847241677
625672502
1093109470
1952821250
1154560595
515205463
0
1566358478
2063573345
1136569999
1425512145
2824863902
1966988785
1355500318
1074335029
2066413322
2895337277
912388262
1937933922
1385142969
1264687643
1264687643
2004738056
3167130052
2240322555
1150048719
1046412774
1420625167
892327604
892327604
675392680
2352951204
2417840659
1527516367
2491615661
2282886970
3165846005
2320749049
2091684159
1299708098
1522847321
1423455287
1030982214
2881824462
3435479685
2886242989
1574465278
968732481
450617270
1773324272
1611219088
2376121660
1130053443
1650279243
969192098
1883756212
2436547165
1264687643
1657746386
857125624
1027831573
2661307208
2513432722
0
2096975585
416401145
552790953
1481980855
1481980855
0
858461473
1468999677
1411625748
1046412774
1481980855
2769837151
1932849029
281165289
552790953
1569654841
3447866676
2530649367
505758092
2004738056
2091643800
1703161109
374212393
1594512839
