795258839
1208868040
1343005925
1282690749
1052933634
1275655895
576016286
945692316
1185257425
646987217
583381366
794828090
753060783
0
1114054108
1071022922
1646409509
1248385914
1377243687
1050885150
870171431
239565109
829482342
1687354240
1504859115
462749323
2339617224
2820431142
905853607
1289758487
427063762
252440578
1080140780
1839567499
575386587
575386587
475498563
2089483807
992046800
807589782
737973552
2149592494
1404724680
1208758372
685610830
411826177
1282879446
986937311
1546898275
1604022118
1253412355
1521423594
826401164
1249889872
968579234
1382188435
413609201
238986017
1109157448
1460088664
1018467415
842159383
413609201
0
239565109
239565109
0
858618715
