1435884516
1387459531
836087370
1363288263
1191968272
1711460991
2567060960
1072524898
1455322974
1455322974
2231507284
2584917519
1445193737
0
1034048818
560611695
1473430790
1110957537
1219519351
870009894
395189527
703950153
138153935
912819095
1171375293
2033512293
591225241
1531284352
686235771
2502358557
1414523463
648142625
1752545223
1886501485
1430313979
1474020653
1123448802
524329780
1536595904
1505303990
1934124553
144382952
672081482
2390720203
836087370
1531842483
1580267468
1293509544
1940673067
1631397226
782772454
1174917353
1507533374
717939367
1435884516
1210086862
717939367
957860101
1155016830
1155016830
1317133608
772461432
