39465673
30160224
30160224
0
0
0
46034699
46034699
0
52969950
83130174
30160224
0
0
0
0
0
52934912
83095136
30160224
0
0
0
227573660
227573660
202613187
202613187
0
0
0
0
0
0
0
0
0
0
0
0
0
227573660
227573660
39465673
39465673
0
0
0
0
0
0
0
0
0
107140512
107140512
0
0
0
0
0
0
0
0
0
30160224
30160224
0
0
480212952
480212952
0
0
0
0
0
0
0
0
0
0
39465673
39465673
0
263781450
263781450
0
0
106597379
106597379
0
523498910
726112097
202613187
0
0
0
0
0
0
0
75047597
75047597
0
0
0
480212952
480212952
159811908
212781858
52969950
349550686
349550686
0
0
222077921
222077921
0
46034699
76194923
30160224
0
0
0
0
39465673
39465673
39465673
39465673
325073159
325073159
0
0
0
0
75047597
75047597
30160224
30160224
0
0
0
0
480212952
555260549
75047597
0
0
0
0
227573660
348812259
46191002
75047597
0
0
0
0
0
0
0
0
0
0
0
0
657384595
657384595
0
0
0
0
227573660
227573660
0
0
39465673
39465673
0
0
0
0
52934912
105904862
52969950
0
0
0
0
0
0
0
0
944035965
944035965
0
0
0
0
0
0
0
0
39465673
39465673
0
0
0
0
633202338
633202338
0
0
0
6458826
6458826
0
0
39465673
39465673
0
0
0
0
227573660
227573660
0
20760269
20760269
0
0
75047597
0
75047597
75178173
616472742
541294569
0
0
0
0
247680638
254139464
6458826
0
0
0
0
0
0
0
263781450
263781450
0
0
0
0
52934912
52934912
0
0
227573660
227573660
0
0
0
75047597
75047597
0
0
0
75047597
75047597
0
0
0
0
75047597
91871417
219437007
202613187
0
0
0
0
0
0
0
0
20760269
20760269
0
0
0
0
0
0
0
0
0
0
0
52969950
52969950
202613187
202613187
0
0
0
0
0
0
0
0
0
0
20760269
94806056
74045787
20760269
20760269
0
0
0
0
0
0
326191517
379161467
52969950
39465673
39465673
371087183
371087183
0
0
0
0
0
39465673
39465673
0
0
0
0
0
419996086
495043683
75047597
0
0
0
0
0
0
0
0
0
222077921
222077921
202613187
242078860
39465673
0
214595700
214595700
0
0
0
75047597
75047597
0
106597379
106597379
0
0
20760269
20760269
30160224
30160224
0
0
0
0
0
0
0
0
0
0
0
0
52969950
52969950
0
0
0
0
0
0
325073159
552731128
280592881
52934912
0
0
0
0
0
0
0
0
0
0
233567236
233567236
0
0
0
0
0
52934912
52934912
0
75047597
105207821
30160224
0
39465673
39465673
0
0
0
0
0
39465673
39465673
30160224
83095136
52934912
0
0
0
0
0
0
0
0
0
0
0
425052743
464518416
114513270
75047597
162119910
162119910
0
523498910
594774362
71275452
495484061
495484061
0
168323961
168323961
0
0
0
0
0
0
168323961
168323961
0
39465673
39465673
0
0
0
0
0
75047597
75047597
0
0
75178173
75178173
75047597
75047597
461820197
461820197
0
0
0
0
0
0
0
39465673
39465673
0
75047597
75047597
0
0
52969950
52969950
0
0
0
