501153084
521525427
178770609
130153138
0
234069240
103916102
130153138
129196613
220271704
0
130153138
194209711
194209711
130153138
0
0
0
311161215
311161215
0
55925036
230091896
286016932
608343215
1123600750
910954786
356619204
0
130153138
311084142
203936227
23005223
0
160064750
290217888
472907956
539141748
224066838
130153138
130153138
130153138
0
130153138
130153138
130153138
352929469
222776331
0
191340727
191340727
0
0
0
445228048
602104569
220271704
0
130153138
158811157
28658019
0
130153138
0
0
130153138
130153138
130153138
130153138
472907956
472907956
645410673
775563811
0
0
775563811
775563811
0
130153138
0
130153138
178770609
178770609
55925036
186078174
0
186078174
55925036
0
445228048
445228048
130153138
342162712
392940578
180931004
0
55925036
186078174
130153138
0
317630634
267374093
130153138
0
28658019
158811157
130153138
0
28658019
28658019
0
517129886
517129886
130153138
130153138
130153138
130153138
835716083
705562945
0
48617471
178770609
0
0
0
311161215
237038266
267374093
317630634
0
85393637
215546775
267374093
317630634
0
0
178770609
48617471
409111960
278958822
130153138
130153138
0
217321415
427671416
414626088
445228048
445228048
130153138
130153138
130153138
130153138
0
178770609
178770609
130153138
130153138
130153138
0
0
234069240
103916102
130153138
130153138
217321415
143198466
130153138
286016932
323736417
380336454
290217888
130153138
0
143306403
347616778
798375841
333759190
0
608343215
607386690
401202708
180931004
0
0
130153138
130153138
0
130153138
0
130153138
130153138
130153138
0
0
0
130153138
130153138
130153138
130153138
23005223
309022155
286016932
0
0
28658019
248929723
129196613
130153138
0
0
0
0
176094972
261488609
215546775
0
186078174
55925036
520967553
613295244
130153138
278958822
409111960
130153138
130153138
130153138
0
0
0
130153138
342162712
212009574
130153138
0
130153138
153870721
23717583
0
130153138
0
191340727
284658259
353623808
0
0
130153138
267374093
870613221
731753196
178770609
0
178770609
178770609
0
0
220271704
0
220271704
0
130153138
130153138
55925036
55925036
0
0
0
317630634
317630634
0
212009574
342162712
158811157
158811157
0
130153138
0
130153138
130153138
0
0
0
0
0
0
0
28658019
28658019
301484029
522191939
481014186
130153138
0
130153138
130153138
48617471
178770609
130153138
130153138
317630634
317630634
0
0
130153138
707744565
707744565
130153138
0
0
0
323573252
232096124
130153138
0
0
775563811
775563811
0
0
130153138
267374093
136699630
180931004
0
0
0
201203129
201203129
445228048
626159052
336198882
517129886
55925036
55925036
130153138
0
130153138
180931004
359701613
48617471
0
130153138
55925036
186078174
130153138
0
0
28658019
207428628
48617471
129196613
220271704
0
180931004
359701613
178770609
0
130153138
234069240
103916102
0
0
130153138
130153138
608343215
631348438
153158361
0
158811157
158811157
539358493
539358493
194209711
958698927
894642354
130153138
0
130153138
0
0
0
481014186
703790517
352929469
613295244
520967553
632416092
576491056
55925036
0
255889210
436820214
311084142
130153138
0
317630634
267374093
130153138
286016932
194539804
0
742848913
742848913
0
0
0
130153138
0
0
55925036
186078174
467556513
467556513
194539804
286016932
0
130153138
130153138
0
0
130153138
237038266
405074915
93913700
0
520967553
613295244
0
485251904
836112952
661945190
180931004
0
608343215
664268251
186078174
0
186078174
55925036
278283324
278283324
178770609
178770609
0
0
0
0
23005223
23005223
191340727
191340727
130153138
130153138
23005223
153158361
0
0
130153138
0
0
0
130153138
527759003
397605865
0
0
130153138
130153138
0
0
130153138
129196613
220271704
0
220271704
0
276196740
230091896
564975754
278958822
0
130153138
129196613
220271704
130153138
0
0
130153138
0
130153138
186078174
373555670
267374093
158811157
28658019
0
130153138
48617471
178770609
0
0
0
0
0
130153138
215546775
302715052
191815937
178770609
0
317630634
317630634
130153138
742848913
742848913
0
0
186078174
159841138
879479913
775563811
28658019
158811157
48617471
457053933
278283324
0
55925036
186078174
130153138
445228048
472907956
37437498
167590636
0
130153138
130153138
0
130153138
267374093
317630634
130153138
234069240
132574121
28658019
180931004
363759850
182828846
286016932
286016932
0
130153138
130153138
0
0
130153138
130153138
0
130153138
0
234069240
234069240
130153138
397605865
397605865
0
103916102
223332901
223332901
712259317
0
608343215
0
130153138
130153138
130153138
130153138
0
456298218
456298218
0
0
0
130153138
143198466
359756030
307632655
0
130153138
0
130153138
317630634
396570706
220271704
130153138
130153138
140657726
270810864
130153138
0
0
0
0
130153138
130153138
217321415
193270403
180225075
130153138
130153138
130153138
130153138
130153138
130153138
130153138
130153138
0
520967553
759804522
238836969
0
178770609
178770609
0
103916102
282686711
178770609
0
464616651
334463513
0
0
369349689
460424780
286016932
389933034
518542190
414626088
0
180931004
180931004
0
0
130153138
539358493
632416092
0
178770609
48617471
130153138
130153138
0
0
0
158811157
158811157
130153138
0
286510094
416663232
342162712
212009574
130153138
186078174
55925036
130153138
0
0
130153138
0
0
0
0
130153138
707744565
863608359
286016932
217321415
217321415
130153138
267374093
373555670
186078174
215546775
215546775
472907956
472907956
0
215546775
215546775
130153138
130153138
0
311084142
0
0
595557092
414626088
273389339
273389339
0
