64829563
0
0
0
0
0
0
0
119065400
235018890
180783053
384248615
319419052
0
0
0
22084694
22084694
0
0
0
0
0
0
0
0
0
0
0
0
0
22084694
22084694
0
15462676
15462676
0
0
0
0
0
144281665
569926134
425644469
178630995
178630995
0
0
357853529
357853529
0
0
64829563
64829563
0
0
0
0
0
0
0
178630995
178630995
0
0
0
0
0
0
0
0
64829563
386743864
321914301
0
0
68986056
68986056
0
15462676
258730554
243267878
0
0
0
0
0
0
0
15462676
238513662
223050986
0
0
15462676
15462676
0
0
355713998
355713998
0
0
0
0
0
258508489
258508489
0
0
0
314090364
390539901
76449537
314090364
557358242
243267878
0
130687018
146149694
15462676
0
0
0
0
124772602
124772602
196137791
196137791
0
0
0
0
15462676
15462676
0
0
0
0
0
0
22084694
22084694
178630995
178630995
0
0
0
0
0
0
0
0
0
0
0
0
0
0
0
0
0
0
68986056
247617051
178630995
0
0
0
0
0
144281665
159744341
15462676
0
0
0
0
0
185188066
185188066
0
0
0
0
0
0
0
0
0
0
0
0
0
0
0
0
0
15462676
15462676
0
0
0
0
333201718
333201718
0
0
0
0
0
0
0
0
0
0
0
0
0
0
0
0
0
0
215154761
237239455
22084694
68986056
68986056
0
183567827
183567827
0
0
0
0
0
0
115953490
115953490
0
0
0
0
22084694
22084694
0
78376571
78376571
0
0
0
136783213
136783213
0
0
0
64829563
64829563
0
0
0
0
0
0
0
0
357853529
373316205
238513662
223050986
0
0
0
69430004
69430004
15462676
15462676
0
130687018
130687018
0
0
0
0
0
0
0
0
0
0
0
0
0
0
0
0
0
15462676
15462676
0
0
0
0
0
223050986
223050986
0
0
22084694
22084694
22084694
22084694
59077421
302345299
243267878
0
0
0
15462676
15462676
0
243267878
187397891
398013204
0
87633960
87633960
0
15462676
15462676
0
0
0
0
0
0
0
0
0
0
0
0
0
0
0
0
0
0
0
0
0
0
0
0
0
0
0
0
0
0
87633960
87633960
0
0
0
0
185188066
185188066
0
0
0
0
223050986
466318864
243267878
0
0
0
0
0
15462676
15462676
0
0
0
124772602
124772602
0
0
0
115953490
115953490
0
0
0
219892107
219892107
59077421
59077421
0
0
0
0
314090364
314090364
0
0
0
0
0
0
0
22084694
22084694
0
0
0
0
0
0
0
0
0
0
0
87633960
218320978
130687018
0
0
15462676
15462676
0
0
0
0
0
0
0
0
0
0
0
0
0
0
0
242832104
242832104
0
22084694
336175058
314090364
0
0
0
22084694
158867907
136783213
0
0
0
0
0
0
0
0
0
0
0
15462676
15462676
0
0
0
0
0
13381592
13381592
0
0
0
0
0
0
314090364
314090364
0
144281665
122196971
22084694
0
0
0
0
0
0
0
0
0
0
0
0
0
0
0
0
0
0
0
319419052
319419052
279249246
279249246
0
333201718
333201718
0
0
0
0
0
0
93012825
93012825
22084694
22084694
0
0
424681845
424681845
15462676
37547370
91514698
248060999
178630995
0
107628936
107628936
0
0
0
0
178630995
178630995
0
64829563
64829563
0
64829563
64829563
0
0
0
0
0
0
0
0
0
0
0
69430004
69430004
0
0
0
0
0
15462676
15462676
0
0
0
0
0
64829563
64829563
15462676
93839247
78376571
0
15462676
15462676
0
0
0
15462676
15462676
0
0
0
0
357853529
357853529
0
0
0
0
0
0
0
0
0
15462676
15462676
0
0
0
0
0
71865626
71865626
0
0
0
0
0
357853529
357853529
22084694
218222485
374768786
247617051
68986056
0
194705110
194705110
0
0
0
0
0
0
0
0
15462676
15462676
0
0
178630995
178630995
0
0
0
0
0
0
0
76449537
76449537
0
0
0
0
0
0
0
0
0
0
0
0
0
0
0
0
0
0
314090364
383076420
68986056
0
124772602
124772602
0
0
0
0
0
0
0
0
0
0
64829563
64829563
0
0
0
0
0
0
0
0
314090364
336175058
22084694
0
0
87633960
87633960
0
0
0
0
0
0
0
0
0
0
15462676
15462676
0
243267878
243267878
0
0
0
0
0
0
0
0
0
0
0
0
0
0
0
15462676
15462676
0
0
22084694
22084694
0
0
0
0
0
0
0
0
0
0
0
15462676
15462676
0
0
0
15462676
15462676
71865626
71865626
0
22084694
22084694
0
15462676
15462676
0
0
0
0
0
0
0
15462676
15462676
0
0
0
0
0
185188066
214209779
29021713
0
0
0
0
0
0
0
0
0
0
15462676
15462676
469575742
653197999
205706951
22084694
0
0
0
0
0
0
0
0
130687018
130687018
0
0
0
0
0
0
0
0
0
0
0
15462676
15462676
0
0
22084694
109718654
87633960
0
0
0
0
0
0
0
0
15462676
15462676
0
0
0
0
243267878
243267878
22084694
22084694
0
0
0
0
0
0
0
71865626
71865626
0
15462676
15462676
0
0
0
22084694
22084694
15462676
37547370
22084694
0
0
0
0
0
0
0
0
0
0
0
0
130687018
130687018
0
0
0
0
196137791
196137791
0
0
69430004
69430004
0
277657206
293119882
15462676
22084694
22084694
0
0
0
0
0
0
0
15462676
15462676
0
183567827
224510174
128576307
87633960
0
0
0
0
0
0
0
78376571
78376571
321914301
321914301
0
0
0
0
398013204
420097898
22084694
0
355713998
355713998
219892107
