72461547
60877985
60877985
0
0
0
256038074
316916059
60877985
60877985
60877985
0
146388695
146388695
0
0
60877985
0
60877985
0
0
0
247859360
202964909
44894451
0
14892987
14892987
0
0
60877985
60877985
0
0
0
0
0
0
146388695
368630331
343997606
415942842
440575567
146388695
0
0
45681579
686270482
640588903
0
187837613
187837613
45681579
45681579
0
0
57108459
57108459
60877985
11583562
11583562
60877985
60877985
60877985
0
0
0
0
51957341
51957341
0
0
60877985
17241281
45681579
60877985
60877985
146388695
146388695
491100960
734374786
243273826
359606693
322783438
52495028
0
0
0
0
0
0
60877985
395358805
395358805
0
17241281
45681579
0
0
434897607
434897607
0
131386745
131386745
60877985
108486384
47608399
52495028
52495028
0
60877985
17241281
45681579
57108459
102790038
45681579
0
60877985
60877985
0
45681579
45681579
60877985
60877985
72461547
11583562
111529153
50651168
0
60877985
17241281
45681579
60877985
85510710
102751991
45681579
60877985
85510710
345750629
543359540
343997606
0
146388695
309848095
390061521
17241281
60877985
47608399
93289978
17241281
0
395358805
344379942
0
0
0
134769299
281157994
146388695
0
45681579
45681579
60877985
17241281
45681579
0
0
146388695
146388695
0
343997606
343997606
0
0
0
0
0
0
45681579
45681579
0
0
0
343997606
343997606
72461547
72461547
45681579
45681579
0
72461547
315735373
304151811
60877985
0
45681579
45681579
0
0
60877985
60877985
72461547
72461547
45681579
17241281
60877985
45681579
45681579
0
0
60877985
60877985
60877985
0
17241281
102751991
0
102751991
89793569
403718683
213217998
146388695
0
0
60877985
17241281
17241281
60877985
0
0
343997606
283119621
60877985
0
640588903
839950837
260239919
17241281
17241281
0
85510710
203497154
57108459
0
45681579
45681579
0
343997606
343997606
72461547
72461547
0
0
0
146388695
0
272492085
247859360
0
0
0
60877985
60877985
45681579
102790038
57108459
146388695
146388695
45681579
45681579
45681579
45681579
343997606
283119621
60877985
60877985
60877985
60877985
60877985
0
0
343997606
368630331
146388695
0
60877985
395358805
390061521
390061521
344379942
406024444
406024444
0
60877985
0
0
60877985
359606693
635958942
321246700
44894451
0
50651168
50651168
0
0
0
48528864
48528864
343997606
343997606
60877985
17241281
28824843
0
72461547
45681579
45681579
0
0
0
146388695
85510710
60877985
0
0
0
146388695
85510710
0
60877985
0
0
45681579
17241281
60877985
0
0
0
60877985
60877985
0
60877985
60877985
60877985
0
0
60877985
60877985
60877985
0
0
0
0
45681579
28824843
72461547
0
60877985
109406849
48528864
0
45681579
45681579
146388695
85510710
0
60877985
60877985
60877985
60877985
0
60877985
45681579
0
17241281
0
0
0
17241281
45681579
60877985
0
0
60877985
0
45681579
45681579
0
0
51957341
51957341
0
0
60877985
60877985
0
0
60877985
15983534
33224815
45681579
60877985
0
0
0
60877985
199361934
199361934
0
0
45681579
45681579
60877985
75770972
60574566
45681579
0
0
60877985
60877985
0
0
60877985
60877985
60877985
60877985
45681579
17241281
60877985
