162434554
0
0
0
0
0
8458753
8458753
0
0
0
0
0
0
0
0
8458753
27816467
19357714
0
0
0
0
211465959
211465959
0
0
0
0
19357714
19357714
0
0
0
0
0
0
0
0
0
19180721
532220787
532397780
181792268
162434554
0
0
0
0
0
0
0
0
0
0
0
0
0
0
0
162434554
162434554
0
0
162434554
323406041
160971487
19357714
19357714
0
326963318
326963318
0
0
0
0
0
663652746
672111499
8458753
0
0
0
0
0
0
19180721
19180721
0
0
0
0
326963318
326963318
0
0
0
0
19357714
19357714
0
0
0
0
227721583
247079297
19357714
0
162434554
236843939
93767099
19357714
0
0
0
0
0
0
160971487
160971487
162434554
162434554
19357714
0
19357714
0
19357714
19357714
0
0
0
0
0
0
0
0
253161871
272519585
19357714
0
19357714
19357714
0
0
162434554
162434554
19357714
19357714
0
86955366
86955366
0
0
0
0
0
0
20255730
39613444
19357714
0
0
0
0
0
0
0
0
0
0
0
0
0
19357714
19357714
0
0
0
0
0
0
247559841
911212587
683010460
19357714
0
0
0
208373277
208373277
0
19357714
19357714
162434554
162434554
0
0
0
0
0
0
0
0
19357714
19357714
0
0
0
0
0
0
0
0
19357714
19357714
0
0
19357714
19357714
0
19357714
19357714
0
0
0
0
0
438525199
457882913
0
19357714
0
0
0
0
0
0
0
0
0
0
0
81204811
81204811
0
0
0
0
0
0
0
0
0
19357714
19357714
0
19357714
19357714
0
0
0
0
0
0
0
0
0
0
0
0
0
0
0
0
0
0
0
0
0
0
0
0
0
0
0
0
0
0
0
0
0
0
0
0
0
0
0
0
0
0
0
0
0
19357714
